<?xml version="1.0" encoding="UTF-8"?>
<!-- Generated by org.testng.reporters.JUnitXMLReporter -->
<testsuite ignored="3" hostname="Tanvir" failures="0" tests="1" name="Default test" time="5.846" errors="0" timestamp="2026-04-18T00:07:58 IST">
  <testcase classname="script.AutomationScript" name="communityPoll" time="0.749"/>
  <testcase classname="script.AutomationScript" name="openWebPage" time="0.0">
    <ignored/>
  </testcase> <!-- openWebPage -->
  <testcase classname="script.AutomationScript" name="register1" time="0.0">
    <ignored/>
  </testcase> <!-- register1 -->
  <testcase classname="script.AutomationScript" name="login" time="0.0">
    <ignored/>
  </testcase> <!-- login -->
</testsuite> <!-- Default test -->
