<?xml version="1.0" encoding="UTF-8"?>
<!-- Generated by org.testng.reporters.JUnitXMLReporter -->
<testsuite ignored="9" hostname="Tanvir" failures="0" tests="1" name="Default test" time="16.378" errors="0" timestamp="2026-04-18T23:35:58 IST">
  <testcase classname="script.AutomationScript" name="addDigitalDownloadProduct" time="11.559"/>
  <testcase classname="script.AutomationScript" name="buildCheapComputer" time="0.0">
    <ignored/>
  </testcase> <!-- buildCheapComputer -->
  <testcase classname="script.AutomationScript" name="addRemoveGiftCard" time="0.0">
    <ignored/>
  </testcase> <!-- addRemoveGiftCard -->
  <testcase classname="script.AutomationScript" name="add$25GiftCard" time="0.0">
    <ignored/>
  </testcase> <!-- add$25GiftCard -->
  <testcase classname="script.AutomationScript" name="openWebPage" time="0.0">
    <ignored/>
  </testcase> <!-- openWebPage -->
  <testcase classname="script.AutomationScript" name="digitalDownloads" time="0.0">
    <ignored/>
  </testcase> <!-- digitalDownloads -->
  <testcase classname="script.AutomationScript" name="communityPoll" time="0.0">
    <ignored/>
  </testcase> <!-- communityPoll -->
  <testcase classname="script.AutomationScript" name="register" time="0.0">
    <ignored/>
  </testcase> <!-- register -->
  <testcase classname="script.AutomationScript" name="navigation" time="0.0">
    <ignored/>
  </testcase> <!-- navigation -->
  <testcase classname="script.AutomationScript" name="login" time="0.0">
    <ignored/>
  </testcase> <!-- login -->
</testsuite> <!-- Default test -->
