<?xml version="1.0" encoding="UTF-8"?>
<testng-results ignored="24" total="26" passed="2" failed="0" skipped="0">
  <reporter-output>
  </reporter-output>
  <suite started-at="2026-04-19T19:15:04 IST" name="Default suite" finished-at="2026-04-19T19:15:09 IST" duration-ms="5730">
    <groups>
    </groups>
    <test started-at="2026-04-19T19:15:04 IST" name="Default test" finished-at="2026-04-19T19:15:09 IST" duration-ms="5730">
      <class name="script.AutomationScript">
        <test-method is-config="true" signature="preCondition()[pri:0, instance:script.AutomationScript@74e52ef6]" started-at="2026-04-19T19:15:04 IST" name="preCondition" finished-at="2026-04-19T19:15:08 IST" duration-ms="4227" status="PASS">
          <reporter-output>
          </reporter-output>
        </test-method> <!-- preCondition -->
        <test-method signature="verifyFemaleRadioButtonNegative()[pri:0, instance:script.AutomationScript@74e52ef6]" started-at="2026-04-19T19:15:08 IST" name="verifyFemaleRadioButtonNegative" finished-at="2026-04-19T19:15:08 IST" duration-ms="610" status="PASS">
          <reporter-output>
          </reporter-output>
        </test-method> <!-- verifyFemaleRadioButtonNegative -->
        <test-method signature="verifyFemaleRadioButtonPositive()[pri:0, instance:script.AutomationScript@74e52ef6]" started-at="2026-04-19T19:15:08 IST" name="verifyFemaleRadioButtonPositive" finished-at="2026-04-19T19:15:09 IST" duration-ms="611" status="PASS">
          <reporter-output>
          </reporter-output>
        </test-method> <!-- verifyFemaleRadioButtonPositive -->
        <test-method is-config="true" signature="postCondition()[pri:0, instance:script.AutomationScript@74e52ef6]" started-at="2026-04-19T19:15:09 IST" name="postCondition" finished-at="2026-04-19T19:15:09 IST" duration-ms="236" status="PASS">
          <reporter-output>
          </reporter-output>
        </test-method> <!-- postCondition -->
      </class> <!-- script.AutomationScript -->
    </test> <!-- Default test -->
  </suite> <!-- Default suite -->
</testng-results>
