<?xml version="1.0" encoding="UTF-8"?>
<testng-results ignored="9" total="10" passed="1" failed="0" skipped="0">
  <reporter-output>
  </reporter-output>
  <suite started-at="2026-04-18T23:35:41 IST" name="Default suite" finished-at="2026-04-18T23:35:58 IST" duration-ms="16378">
    <groups>
    </groups>
    <test started-at="2026-04-18T23:35:41 IST" name="Default test" finished-at="2026-04-18T23:35:58 IST" duration-ms="16378">
      <class name="script.AutomationScript">
        <test-method is-config="true" signature="preCondition()[pri:0, instance:script.AutomationScript@77c2494c]" started-at="2026-04-18T23:35:41 IST" name="preCondition" finished-at="2026-04-18T23:35:46 IST" duration-ms="4749" status="PASS">
          <reporter-output>
          </reporter-output>
        </test-method> <!-- preCondition -->
        <test-method signature="addDigitalDownloadProduct()[pri:0, instance:script.AutomationScript@77c2494c]" started-at="2026-04-18T23:35:46 IST" name="addDigitalDownloadProduct" finished-at="2026-04-18T23:35:58 IST" duration-ms="11559" status="PASS">
          <reporter-output>
          </reporter-output>
        </test-method> <!-- addDigitalDownloadProduct -->
        <test-method is-config="true" signature="postCondition()[pri:0, instance:script.AutomationScript@77c2494c]" started-at="2026-04-18T23:35:58 IST" name="postCondition" finished-at="2026-04-18T23:35:58 IST" duration-ms="17" status="PASS">
          <reporter-output>
          </reporter-output>
        </test-method> <!-- postCondition -->
      </class> <!-- script.AutomationScript -->
    </test> <!-- Default test -->
  </suite> <!-- Default suite -->
</testng-results>
