<?xml version="1.0" encoding="UTF-8"?>
<!-- Generated by org.testng.reporters.JUnitReportReporter -->
<testsuite hostname="Tanvir" failures="0" tests="26" name="script.AutomationScript" time="1.221" errors="0" timestamp="2026-04-19T19:15:09 IST" skipped="24">
  <testcase classname="script.AutomationScript" name="verifyFemaleRadioButtonNegative" time="0.610"/>
  <testcase classname="script.AutomationScript" name="verifyFemaleRadioButtonPositive" time="0.611"/>
  <testcase classname="script.AutomationScript" name="add$25GiftCard">
    <skipped/>
  </testcase> <!-- add$25GiftCard -->
  <testcase classname="script.AutomationScript" name="verifyPasswordFieldPositive">
    <skipped/>
  </testcase> <!-- verifyPasswordFieldPositive -->
  <testcase classname="script.AutomationScript" name="verifyEmailFieldPositive">
    <skipped/>
  </testcase> <!-- verifyEmailFieldPositive -->
  <testcase classname="script.AutomationScript" name="navigation">
    <skipped/>
  </testcase> <!-- navigation -->
  <testcase classname="script.AutomationScript" name="verifyLoginLinkDisplay">
    <skipped/>
  </testcase> <!-- verifyLoginLinkDisplay -->
  <testcase classname="script.AutomationScript" name="addDigitalDownloadProduct">
    <skipped/>
  </testcase> <!-- addDigitalDownloadProduct -->
  <testcase classname="script.AutomationScript" name="verifyRegisterLinkEnable">
    <skipped/>
  </testcase> <!-- verifyRegisterLinkEnable -->
  <testcase classname="script.AutomationScript" name="verifyPasswordField">
    <skipped/>
  </testcase> <!-- verifyPasswordField -->
  <testcase classname="script.AutomationScript" name="addRemoveGiftCard">
    <skipped/>
  </testcase> <!-- addRemoveGiftCard -->
  <testcase classname="script.AutomationScript" name="verifyEmailFieldNegative">
    <skipped/>
  </testcase> <!-- verifyEmailFieldNegative -->
  <testcase classname="script.AutomationScript" name="buildCheapComputer">
    <skipped/>
  </testcase> <!-- buildCheapComputer -->
  <testcase classname="script.AutomationScript" name="verifyRegisterLinkDisplay">
    <skipped/>
  </testcase> <!-- verifyRegisterLinkDisplay -->
  <testcase classname="script.AutomationScript" name="verifyLoginFunctionality">
    <skipped/>
  </testcase> <!-- verifyLoginFunctionality -->
  <testcase classname="script.AutomationScript" name="verifyNavigationLoginLink">
    <skipped/>
  </testcase> <!-- verifyNavigationLoginLink -->
  <testcase classname="script.AutomationScript" name="verifyMaleRadioButtonNegative">
    <skipped/>
  </testcase> <!-- verifyMaleRadioButtonNegative -->
  <testcase classname="script.AutomationScript" name="verifyNavigationRegisterLink">
    <skipped/>
  </testcase> <!-- verifyNavigationRegisterLink -->
  <testcase classname="script.AutomationScript" name="communityPoll">
    <skipped/>
  </testcase> <!-- communityPoll -->
  <testcase classname="script.AutomationScript" name="login">
    <skipped/>
  </testcase> <!-- login -->
  <testcase classname="script.AutomationScript" name="addGiftCardProduct">
    <skipped/>
  </testcase> <!-- addGiftCardProduct -->
  <testcase classname="script.AutomationScript" name="openWebPage">
    <skipped/>
  </testcase> <!-- openWebPage -->
  <testcase classname="script.AutomationScript" name="verifyMaleRadioButtonPositive">
    <skipped/>
  </testcase> <!-- verifyMaleRadioButtonPositive -->
  <testcase classname="script.AutomationScript" name="verifyLoginLinkEnable">
    <skipped/>
  </testcase> <!-- verifyLoginLinkEnable -->
  <testcase classname="script.AutomationScript" name="digitalDownloads">
    <skipped/>
  </testcase> <!-- digitalDownloads -->
  <testcase classname="script.AutomationScript" name="register">
    <skipped/>
  </testcase> <!-- register -->
</testsuite> <!-- script.AutomationScript -->
