<?xml version="1.0" encoding="UTF-8"?>
<!-- Generated by org.testng.reporters.JUnitReportReporter -->
<testsuite hostname="Tanvir" failures="0" tests="10" name="script.AutomationScript" time="11.559" errors="0" timestamp="2026-04-18T23:35:58 IST" skipped="9">
  <testcase classname="script.AutomationScript" name="addDigitalDownloadProduct" time="11.559"/>
  <testcase classname="script.AutomationScript" name="buildCheapComputer">
    <skipped/>
  </testcase> <!-- buildCheapComputer -->
  <testcase classname="script.AutomationScript" name="addRemoveGiftCard">
    <skipped/>
  </testcase> <!-- addRemoveGiftCard -->
  <testcase classname="script.AutomationScript" name="add$25GiftCard">
    <skipped/>
  </testcase> <!-- add$25GiftCard -->
  <testcase classname="script.AutomationScript" name="openWebPage">
    <skipped/>
  </testcase> <!-- openWebPage -->
  <testcase classname="script.AutomationScript" name="digitalDownloads">
    <skipped/>
  </testcase> <!-- digitalDownloads -->
  <testcase classname="script.AutomationScript" name="communityPoll">
    <skipped/>
  </testcase> <!-- communityPoll -->
  <testcase classname="script.AutomationScript" name="register">
    <skipped/>
  </testcase> <!-- register -->
  <testcase classname="script.AutomationScript" name="navigation">
    <skipped/>
  </testcase> <!-- navigation -->
  <testcase classname="script.AutomationScript" name="login">
    <skipped/>
  </testcase> <!-- login -->
</testsuite> <!-- script.AutomationScript -->
